Build started 12/10/2025 3:41:45 PM.
     1>Project "C:\Users\BillGates\Documents\Visual Studio 2012\Projects\WinAPI DLL Injector7\WinAPI DLL Injector7\WinAPI DLL Injector7.vcxproj" on node 2 (Rebuild target(s)).
     1>ClCompile:
         C:\Program Files (x86)\Microsoft Visual Studio 11.0\VC\bin\CL.exe /c /Zi /nologo /W3 /WX- /sdl /O2 /Oi /Oy- /GL /D _MBCS /Gm- /EHsc /MT /GS /Gy /fp:precise /Zc:wchar_t /Zc:forScope /Fo"Release\\" /Fd"Release\vc110.pdb" /Gd /TP /analyze- /errorReport:prompt "..\..\WinAPI DLL Injector6\WinAPI DLL Injector6\Common.cpp" "..\..\WinAPI DLL Injector6\WinAPI DLL Injector6\Main.cpp" "..\..\WinAPI DLL Injector6\WinAPI DLL Injector6\ObjectManager.cpp"
         Common.cpp
     1>..\..\WinAPI DLL Injector6\WinAPI DLL Injector6\Common.cpp(241): warning C4101: 'hLib' : unreferenced local variable
         Main.cpp
     1>..\..\WinAPI DLL Injector6\WinAPI DLL Injector6\Main.cpp(873): warning C4101: 'hwnd' : unreferenced local variable
         ObjectManager.cpp
     1>..\..\WinAPI DLL Injector6\WinAPI DLL Injector6\ObjectManager.cpp(460): warning C4244: '=' : conversion from 'clock_t' to 'float', possible loss of data
       Link:
         C:\Program Files (x86)\Microsoft Visual Studio 11.0\VC\bin\link.exe /ERRORREPORT:PROMPT /OUT:"C:\Users\BillGates\Documents\Visual Studio 2012\Projects\WinAPI DLL Injector7\Release\WinAPI DLL Injector7.exe" /NOLOGO kernel32.lib user32.lib gdi32.lib winspool.lib comdlg32.lib advapi32.lib shell32.lib ole32.lib oleaut32.lib uuid.lib odbc32.lib odbccp32.lib /MANIFEST /MANIFESTUAC:"level='requireAdministrator' uiAccess='false'" /manifest:embed /PDB:"C:\Users\BillGates\Documents\Visual Studio 2012\Projects\WinAPI DLL Injector7\Release\WinAPI DLL Injector7.pdb" /OPT:REF /OPT:ICF /LTCG /TLBID:1 /DYNAMICBASE /NXCOMPAT /IMPLIB:"C:\Users\BillGates\Documents\Visual Studio 2012\Projects\WinAPI DLL Injector7\Release\WinAPI DLL Injector7.lib" /MACHINE:X86 /SAFESEH Release\Common.obj
         Release\Main.obj
         Release\ObjectManager.obj
         Generating code
         Finished generating code
         WinAPI DLL Injector7.vcxproj -> C:\Users\BillGates\Documents\Visual Studio 2012\Projects\WinAPI DLL Injector7\Release\WinAPI DLL Injector7.exe
     1>Done Building Project "C:\Users\BillGates\Documents\Visual Studio 2012\Projects\WinAPI DLL Injector7\WinAPI DLL Injector7\WinAPI DLL Injector7.vcxproj" (Rebuild target(s)).

Build succeeded.

Time Elapsed 00:00:02.29
