C:\USERS\BILLGATES\DOCUMENTS\VISUAL STUDIO 2012\PROJECTS\WINAPI DLL INJECTOR7\WINAPI DLL INJECTOR7\RELEASE\OBJECTMANAGER.OBJ
C:\USERS\BILLGATES\DOCUMENTS\VISUAL STUDIO 2012\PROJECTS\WINAPI DLL INJECTOR7\WINAPI DLL INJECTOR7\RELEASE\MAIN.OBJ
C:\USERS\BILLGATES\DOCUMENTS\VISUAL STUDIO 2012\PROJECTS\WINAPI DLL INJECTOR7\WINAPI DLL INJECTOR7\RELEASE\COMMON.OBJ
C:\USERS\BILLGATES\DOCUMENTS\VISUAL STUDIO 2012\PROJECTS\WINAPI DLL INJECTOR7\WINAPI DLL INJECTOR7\RELEASE\VC110.PDB
C:\USERS\BILLGATES\DOCUMENTS\VISUAL STUDIO 2012\PROJECTS\WINAPI DLL INJECTOR7\RELEASE\WINAPI DLL INJECTOR7.EXE
C:\Users\BillGates\Documents\Visual Studio 2012\Projects\WinAPI DLL Injector7\WinAPI DLL Injector7\Release\Common.obj
C:\Users\BillGates\Documents\Visual Studio 2012\Projects\WinAPI DLL Injector7\WinAPI DLL Injector7\Release\Main.obj
C:\Users\BillGates\Documents\Visual Studio 2012\Projects\WinAPI DLL Injector7\WinAPI DLL Injector7\Release\ObjectManager.obj
C:\Users\BillGates\Documents\Visual Studio 2012\Projects\WinAPI DLL Injector7\WinAPI DLL Injector7\Release\cl.command.1.tlog
C:\Users\BillGates\Documents\Visual Studio 2012\Projects\WinAPI DLL Injector7\WinAPI DLL Injector7\Release\CL.read.1.tlog
C:\Users\BillGates\Documents\Visual Studio 2012\Projects\WinAPI DLL Injector7\WinAPI DLL Injector7\Release\CL.write.1.tlog
C:\Users\BillGates\Documents\Visual Studio 2012\Projects\WinAPI DLL Injector7\WinAPI DLL Injector7\Release\link-cvtres.read.1.tlog
C:\Users\BillGates\Documents\Visual Studio 2012\Projects\WinAPI DLL Injector7\WinAPI DLL Injector7\Release\link-cvtres.write.1.tlog
C:\Users\BillGates\Documents\Visual Studio 2012\Projects\WinAPI DLL Injector7\WinAPI DLL Injector7\Release\link-rc.read.1.tlog
C:\Users\BillGates\Documents\Visual Studio 2012\Projects\WinAPI DLL Injector7\WinAPI DLL Injector7\Release\link-rc.write.1.tlog
C:\Users\BillGates\Documents\Visual Studio 2012\Projects\WinAPI DLL Injector7\WinAPI DLL Injector7\Release\link.command.1.tlog
C:\Users\BillGates\Documents\Visual Studio 2012\Projects\WinAPI DLL Injector7\WinAPI DLL Injector7\Release\link.read.1.tlog
C:\Users\BillGates\Documents\Visual Studio 2012\Projects\WinAPI DLL Injector7\WinAPI DLL Injector7\Release\link.write.1.tlog
C:\Users\BillGates\Documents\Visual Studio 2012\Projects\WinAPI DLL Injector7\WinAPI DLL Injector7\Release\vc110.pdb
C:\Users\BillGates\Documents\Visual Studio 2012\Projects\WinAPI DLL Injector7\Release\WinAPI DLL Injector7.exe
