C:\USERS\BILLGATES\DOCUMENTS\VISUAL STUDIO 2012\PROJECTS\WINAPI DLL INJECTOR3\WINAPI DLL INJECTOR3\RELEASE\MAIN.OBJ
C:\USERS\BILLGATES\DOCUMENTS\VISUAL STUDIO 2012\PROJECTS\WINAPI DLL INJECTOR3\WINAPI DLL INJECTOR3\RELEASE\BACKUP.OBJ
C:\USERS\BILLGATES\DOCUMENTS\VISUAL STUDIO 2012\PROJECTS\WINAPI DLL INJECTOR3\WINAPI DLL INJECTOR3\RELEASE\VC110.PDB
C:\USERS\BILLGATES\DOCUMENTS\VISUAL STUDIO 2012\PROJECTS\WINAPI DLL INJECTOR3\WINAPI DLL INJECTOR3\RELEASE\OBJECTMANAGER.OBJ
C:\USERS\BILLGATES\DOCUMENTS\VISUAL STUDIO 2012\PROJECTS\WINAPI DLL INJECTOR3\WINAPI DLL INJECTOR3\RELEASE\COMMON.OBJ
C:\USERS\BILLGATES\DOCUMENTS\VISUAL STUDIO 2012\PROJECTS\WINAPI DLL INJECTOR3\RELEASE\WINAPI DLL INJECTOR3.EXE
C:\Users\Billgates\documents\visual studio 2012\Projects\WinAPI DLL Injector3\WinAPI DLL Injector3\Release\Backup.obj
C:\Users\Billgates\documents\visual studio 2012\Projects\WinAPI DLL Injector3\WinAPI DLL Injector3\Release\Common.obj
C:\Users\Billgates\documents\visual studio 2012\Projects\WinAPI DLL Injector3\WinAPI DLL Injector3\Release\Main.obj
C:\Users\Billgates\documents\visual studio 2012\Projects\WinAPI DLL Injector3\WinAPI DLL Injector3\Release\ObjectManager.obj
C:\Users\Billgates\documents\visual studio 2012\Projects\WinAPI DLL Injector3\WinAPI DLL Injector3\Release\cl.command.1.tlog
C:\Users\Billgates\documents\visual studio 2012\Projects\WinAPI DLL Injector3\WinAPI DLL Injector3\Release\CL.read.1.tlog
C:\Users\Billgates\documents\visual studio 2012\Projects\WinAPI DLL Injector3\WinAPI DLL Injector3\Release\CL.write.1.tlog
C:\Users\Billgates\documents\visual studio 2012\Projects\WinAPI DLL Injector3\WinAPI DLL Injector3\Release\link-cvtres.read.1.tlog
C:\Users\Billgates\documents\visual studio 2012\Projects\WinAPI DLL Injector3\WinAPI DLL Injector3\Release\link-cvtres.write.1.tlog
C:\Users\Billgates\documents\visual studio 2012\Projects\WinAPI DLL Injector3\WinAPI DLL Injector3\Release\link-rc.read.1.tlog
C:\Users\Billgates\documents\visual studio 2012\Projects\WinAPI DLL Injector3\WinAPI DLL Injector3\Release\link-rc.write.1.tlog
C:\Users\Billgates\documents\visual studio 2012\Projects\WinAPI DLL Injector3\WinAPI DLL Injector3\Release\link.command.1.tlog
C:\Users\Billgates\documents\visual studio 2012\Projects\WinAPI DLL Injector3\WinAPI DLL Injector3\Release\link.read.1.tlog
C:\Users\Billgates\documents\visual studio 2012\Projects\WinAPI DLL Injector3\WinAPI DLL Injector3\Release\link.read.2.tlog
C:\Users\Billgates\documents\visual studio 2012\Projects\WinAPI DLL Injector3\WinAPI DLL Injector3\Release\link.read.3.tlog
C:\Users\Billgates\documents\visual studio 2012\Projects\WinAPI DLL Injector3\WinAPI DLL Injector3\Release\link.read.4.tlog
C:\Users\Billgates\documents\visual studio 2012\Projects\WinAPI DLL Injector3\WinAPI DLL Injector3\Release\link.read.5.tlog
C:\Users\Billgates\documents\visual studio 2012\Projects\WinAPI DLL Injector3\WinAPI DLL Injector3\Release\link.write.1.tlog
C:\Users\Billgates\documents\visual studio 2012\Projects\WinAPI DLL Injector3\WinAPI DLL Injector3\Release\vc110.pdb
C:\Users\Billgates\documents\visual studio 2012\Projects\WinAPI DLL Injector3\Release\WinAPI DLL Injector3.exe
