C:\USERS\BILLGATES\DOCUMENTS\VISUAL STUDIO 2012\PROJECTS\WINAPI DLL INJECTOR5\WINAPI DLL INJECTOR5\RELEASE\OBJECTMANAGER.OBJ
C:\USERS\BILLGATES\DOCUMENTS\VISUAL STUDIO 2012\PROJECTS\WINAPI DLL INJECTOR5\WINAPI DLL INJECTOR5\RELEASE\MAIN.OBJ
C:\USERS\BILLGATES\DOCUMENTS\VISUAL STUDIO 2012\PROJECTS\WINAPI DLL INJECTOR5\WINAPI DLL INJECTOR5\RELEASE\COMMON.OBJ
C:\USERS\BILLGATES\DOCUMENTS\VISUAL STUDIO 2012\PROJECTS\WINAPI DLL INJECTOR5\WINAPI DLL INJECTOR5\RELEASE\VC110.PDB
C:\USERS\BILLGATES\DOCUMENTS\VISUAL STUDIO 2012\PROJECTS\WINAPI DLL INJECTOR5\RELEASE\WINAPI DLL INJECTOR5.EXE
C:\Users\Billgates\documents\visual studio 2012\Projects\WinAPI DLL Injector5\WinAPI DLL Injector5\Release\Common.obj
C:\Users\Billgates\documents\visual studio 2012\Projects\WinAPI DLL Injector5\WinAPI DLL Injector5\Release\Main.obj
C:\Users\Billgates\documents\visual studio 2012\Projects\WinAPI DLL Injector5\WinAPI DLL Injector5\Release\ObjectManager.obj
C:\Users\Billgates\documents\visual studio 2012\Projects\WinAPI DLL Injector5\WinAPI DLL Injector5\Release\cl.command.1.tlog
C:\Users\Billgates\documents\visual studio 2012\Projects\WinAPI DLL Injector5\WinAPI DLL Injector5\Release\CL.read.1.tlog
C:\Users\Billgates\documents\visual studio 2012\Projects\WinAPI DLL Injector5\WinAPI DLL Injector5\Release\CL.write.1.tlog
C:\Users\Billgates\documents\visual studio 2012\Projects\WinAPI DLL Injector5\WinAPI DLL Injector5\Release\link-cvtres.read.1.tlog
C:\Users\Billgates\documents\visual studio 2012\Projects\WinAPI DLL Injector5\WinAPI DLL Injector5\Release\link-cvtres.write.1.tlog
C:\Users\Billgates\documents\visual studio 2012\Projects\WinAPI DLL Injector5\WinAPI DLL Injector5\Release\link-rc.read.1.tlog
C:\Users\Billgates\documents\visual studio 2012\Projects\WinAPI DLL Injector5\WinAPI DLL Injector5\Release\link-rc.write.1.tlog
C:\Users\Billgates\documents\visual studio 2012\Projects\WinAPI DLL Injector5\WinAPI DLL Injector5\Release\link.command.1.tlog
C:\Users\Billgates\documents\visual studio 2012\Projects\WinAPI DLL Injector5\WinAPI DLL Injector5\Release\link.read.1.tlog
C:\Users\Billgates\documents\visual studio 2012\Projects\WinAPI DLL Injector5\WinAPI DLL Injector5\Release\link.read.2.tlog
C:\Users\Billgates\documents\visual studio 2012\Projects\WinAPI DLL Injector5\WinAPI DLL Injector5\Release\link.read.5.tlog
C:\Users\Billgates\documents\visual studio 2012\Projects\WinAPI DLL Injector5\WinAPI DLL Injector5\Release\link.write.1.tlog
C:\Users\Billgates\documents\visual studio 2012\Projects\WinAPI DLL Injector5\WinAPI DLL Injector5\Release\vc110.pdb
C:\Users\Billgates\documents\visual studio 2012\Projects\WinAPI DLL Injector5\Release\WinAPI DLL Injector5.exe
